TN:
SF:app/controllers/customer.controller.js
FN:7,(anonymous_0)
FN:16,(anonymous_1)
FN:54,(anonymous_2)
FN:98,(anonymous_3)
FN:200,(anonymous_4)
FN:300,(anonymous_5)
FN:434,(anonymous_6)
FNF:7
FNH:7
FNDA:2,(anonymous_0)
FNDA:4,(anonymous_1)
FNDA:2,(anonymous_2)
FNDA:3,(anonymous_3)
FNDA:9,(anonymous_4)
FNDA:10,(anonymous_5)
FNDA:9,(anonymous_6)
DA:1,1
DA:2,1
DA:3,1
DA:4,1
DA:6,1
DA:8,2
DA:9,2
DA:10,1
DA:12,1
DA:17,4
DA:19,4
DA:22,4
DA:24,2
DA:27,1
DA:28,0
DA:30,1
DA:34,1
DA:41,2
DA:43,1
DA:44,1
DA:45,0
DA:53,1
DA:54,2
DA:58,1
DA:64,1
DA:65,0
DA:67,1
DA:71,1
DA:78,1
DA:79,1
DA:80,0
DA:82,1
DA:86,1
DA:91,1
DA:99,3
DA:101,3
DA:104,3
DA:107,3
DA:109,1
DA:112,1
DA:113,0
DA:122,1
DA:123,0
DA:130,1
DA:131,0
DA:135,0
DA:142,2
DA:144,1
DA:147,1
DA:150,1
DA:153,1
DA:154,0
DA:158,1
DA:159,0
DA:167,1
DA:169,1
DA:170,0
DA:172,1
DA:176,1
DA:181,1
DA:182,1
DA:183,0
DA:185,1
DA:189,1
DA:194,1
DA:201,9
DA:203,9
DA:205,9
DA:208,9
DA:209,1
DA:213,8
DA:215,3
DA:216,3
DA:224,0
DA:225,0
DA:226,0
DA:228,0
DA:232,0
DA:239,5
DA:241,3
DA:246,3
DA:247,1
DA:253,2
DA:256,2
DA:257,1
DA:266,1
DA:267,1
DA:268,0
DA:270,1
DA:274,1
DA:281,2
DA:282,2
DA:283,1
DA:285,1
DA:289,1
DA:294,1
DA:301,10
DA:303,10
DA:306,9
DA:309,9
DA:310,0
DA:314,9
DA:317,9
DA:318,1
DA:322,8
DA:324,4
DA:325,1
DA:333,3
DA:334,3
DA:335,1
DA:339,2
DA:340,0
DA:344,2
DA:345,2
DA:346,1
DA:348,1
DA:352,1
DA:359,4
DA:361,3
DA:366,3
DA:367,1
DA:373,2
DA:376,2
DA:377,1
DA:386,1
DA:387,1
DA:388,0
DA:392,1
DA:393,1
DA:394,0
DA:396,1
DA:400,1
DA:407,1
DA:409,1
DA:410,0
DA:414,1
DA:415,1
DA:416,0
DA:418,1
DA:422,1
DA:427,1
DA:435,9
DA:437,9
DA:440,9
DA:443,9
DA:444,1
DA:448,8
DA:450,4
DA:451,1
DA:459,3
DA:462,3
DA:463,1
DA:467,2
DA:468,2
DA:472,2
DA:479,4
DA:481,4
DA:486,4
DA:487,1
DA:493,3
DA:496,3
DA:497,1
DA:506,2
DA:507,2
DA:508,0
DA:511,2
DA:512,2
DA:513,2
DA:515,0
DA:519,0
DA:526,0
DA:528,0
DA:529,0
DA:533,0
DA:534,0
DA:535,0
DA:537,0
DA:541,0
DA:546,0
DA:552,1
LF:180
LH:144
BRDA:9,0,0,1
BRDA:9,0,1,1
BRDA:22,1,0,2
BRDA:22,1,1,2
BRDA:27,2,0,0
BRDA:27,2,1,1
BRDA:41,3,0,1
BRDA:41,3,1,1
BRDA:44,4,0,0
BRDA:44,4,1,1
BRDA:64,5,0,0
BRDA:64,5,1,1
BRDA:79,6,0,0
BRDA:79,6,1,1
BRDA:107,7,0,1
BRDA:107,7,1,2
BRDA:112,8,0,0
BRDA:112,8,1,1
BRDA:122,9,0,0
BRDA:122,9,1,1
BRDA:142,10,0,1
BRDA:142,10,1,1
BRDA:153,11,0,0
BRDA:153,11,1,1
BRDA:158,12,0,0
BRDA:158,12,1,1
BRDA:169,13,0,0
BRDA:169,13,1,1
BRDA:182,14,0,0
BRDA:182,14,1,1
BRDA:208,15,0,1
BRDA:208,15,1,8
BRDA:213,16,0,3
BRDA:213,16,1,5
BRDA:215,17,0,3
BRDA:215,17,1,0
BRDA:225,18,0,0
BRDA:225,18,1,0
BRDA:239,19,0,3
BRDA:239,19,1,2
BRDA:246,20,0,1
BRDA:246,20,1,2
BRDA:256,21,0,1
BRDA:256,21,1,1
BRDA:267,22,0,0
BRDA:267,22,1,1
BRDA:282,23,0,1
BRDA:282,23,1,1
BRDA:309,24,0,0
BRDA:309,24,1,9
BRDA:317,25,0,1
BRDA:317,25,1,8
BRDA:322,26,0,4
BRDA:322,26,1,4
BRDA:324,27,0,1
BRDA:324,27,1,3
BRDA:334,28,0,1
BRDA:334,28,1,2
BRDA:339,29,0,0
BRDA:339,29,1,2
BRDA:345,30,0,1
BRDA:345,30,1,1
BRDA:359,31,0,3
BRDA:359,31,1,1
BRDA:366,32,0,1
BRDA:366,32,1,2
BRDA:376,33,0,1
BRDA:376,33,1,1
BRDA:387,34,0,0
BRDA:387,34,1,1
BRDA:393,35,0,0
BRDA:393,35,1,1
BRDA:409,36,0,0
BRDA:409,36,1,1
BRDA:415,37,0,0
BRDA:415,37,1,1
BRDA:443,38,0,1
BRDA:443,38,1,8
BRDA:448,39,0,4
BRDA:448,39,1,4
BRDA:450,40,0,1
BRDA:450,40,1,3
BRDA:462,41,0,1
BRDA:462,41,1,2
BRDA:479,42,0,4
BRDA:479,42,1,0
BRDA:486,43,0,1
BRDA:486,43,1,3
BRDA:496,44,0,1
BRDA:496,44,1,2
BRDA:507,45,0,0
BRDA:507,45,1,2
BRDA:512,46,0,2
BRDA:512,46,1,0
BRDA:528,47,0,0
BRDA:528,47,1,0
BRDA:534,48,0,0
BRDA:534,48,1,0
BRF:98
BRH:71
end_of_record
TN:
SF:app/controllers/employee.controller.js
FN:5,(anonymous_0)
FN:14,(anonymous_1)
FN:40,(anonymous_2)
FN:76,(anonymous_3)
FN:106,(anonymous_4)
FN:149,(anonymous_5)
FNF:6
FNH:6
FNDA:2,(anonymous_0)
FNDA:3,(anonymous_1)
FNDA:4,(anonymous_2)
FNDA:3,(anonymous_3)
FNDA:5,(anonymous_4)
FNDA:4,(anonymous_5)
DA:1,1
DA:2,1
DA:3,1
DA:4,1
DA:6,2
DA:7,2
DA:8,1
DA:10,1
DA:15,3
DA:17,3
DA:20,2
DA:21,1
DA:24,1
DA:29,1
DA:34,1
DA:41,4
DA:43,4
DA:46,4
DA:47,1
DA:52,3
DA:53,2
DA:54,1
DA:57,1
DA:61,1
DA:66,1
DA:70,1
DA:77,3
DA:79,3
DA:83,3
DA:86,2
DA:87,1
DA:90,1
DA:95,1
DA:100,1
DA:107,5
DA:109,5
DA:113,5
DA:114,1
DA:118,4
DA:121,4
DA:124,4
DA:125,1
DA:129,3
DA:130,2
DA:131,1
DA:133,1
DA:138,1
DA:143,1
DA:150,4
DA:152,4
DA:155,4
DA:159,4
DA:160,1
DA:164,3
DA:165,2
DA:166,1
DA:169,1
DA:174,1
DA:179,1
DA:185,1
LF:60
LH:60
BRDA:7,0,0,1
BRDA:7,0,1,1
BRDA:20,1,0,1
BRDA:20,1,1,1
BRDA:46,2,0,1
BRDA:46,2,1,3
BRDA:53,3,0,1
BRDA:53,3,1,1
BRDA:86,4,0,1
BRDA:86,4,1,1
BRDA:113,5,0,1
BRDA:113,5,1,4
BRDA:124,6,0,1
BRDA:124,6,1,3
BRDA:130,7,0,1
BRDA:130,7,1,1
BRDA:159,8,0,1
BRDA:159,8,1,3
BRDA:165,9,0,1
BRDA:165,9,1,1
BRF:20
BRH:20
end_of_record
TN:
SF:app/controllers/user.controller.js
FN:10,(anonymous_0)
FN:87,(anonymous_1)
FNF:2
FNH:2
FNDA:7,(anonymous_0)
FNDA:5,(anonymous_1)
DA:1,1
DA:2,1
DA:3,1
DA:4,1
DA:5,1
DA:6,1
DA:7,1
DA:8,1
DA:11,7
DA:13,7
DA:15,7
DA:16,1
DA:24,6
DA:27,5
DA:28,1
DA:31,4
DA:35,4
DA:36,1
DA:40,3
DA:44,3
DA:45,1
DA:50,2
DA:51,2
DA:53,2
DA:60,2
DA:61,1
DA:65,1
DA:67,1
DA:72,1
DA:81,1
DA:88,5
DA:90,5
DA:92,5
DA:93,1
DA:97,4
DA:98,3
DA:99,1
DA:103,2
DA:104,2
DA:105,1
DA:109,1
DA:111,1
DA:116,1
DA:125,1
DA:131,1
LF:45
LH:45
BRDA:15,0,0,1
BRDA:15,0,1,6
BRDA:15,1,0,7
BRDA:15,1,1,6
BRDA:15,1,2,6
BRDA:27,2,0,1
BRDA:27,2,1,4
BRDA:35,3,0,1
BRDA:35,3,1,3
BRDA:44,4,0,1
BRDA:44,4,1,2
BRDA:60,5,0,1
BRDA:60,5,1,1
BRDA:92,6,0,1
BRDA:92,6,1,4
BRDA:92,7,0,5
BRDA:92,7,1,4
BRDA:98,8,0,1
BRDA:98,8,1,2
BRDA:104,9,0,1
BRDA:104,9,1,1
BRF:21
BRH:21
end_of_record
